<?xml version="1.0" encoding="UTF-8"?>
<!-- Generated by org.testng.reporters.JUnitXMLReporter -->
<testsuite hostname="RSLPTP862" ignored="0" name="Test" tests="5" failures="0" timestamp="22 Dec 2018 17:16:55 GMT" time="322.565" errors="0">
  <testcase name="test_Logo" time="1.937" classname="com.PageObjectModel.TestCases.HomePageTest">
    <skipped/>
  </testcase> <!-- test_Logo -->
  <testcase name="test_gotoContacts" time="0.208" classname="com.PageObjectModel.TestCases.HomePageTest">
    <skipped/>
  </testcase> <!-- test_gotoContacts -->
  <testcase name="test_createNewContact" time="0.234" classname="com.PageObjectModel.TestCases.ContactPageTest">
    <skipped/>
  </testcase> <!-- test_createNewContact -->
  <testcase name="gotoOperational" time="190.909" classname="com.PageObjectModel.TestCases.OperationTest"/>
  <testcase name="gotoVeselMaster" time="127.723" classname="com.PageObjectModel.TestCases.VoyageTest"/>
</testsuite> <!-- Test -->
