<?xml version="1.0" encoding="UTF-8" ?>
<testsuite tests="5" failures="0" name="TestSuite" time="325.733" errors="0" skipped="3">
  <properties>
[...]
</properties>
  <testcase classname="com.PageObjectModel.TestCases.HomePageTest" name="test_Logo" time="2.836">
    <skipped/>
  </testcase>
  <testcase classname="com.PageObjectModel.TestCases.HomePageTest" name="test_gotoContacts" time="0.36">
    <skipped/>
  </testcase>
  <testcase classname="com.PageObjectModel.TestCases.ContactPageTest" name="test_createNewContact" time="0.401">
    <skipped/>
  </testcase>
  <testcase classname="com.PageObjectModel.TestCases.OperationTest" name="gotoOperational" time="190.991"/>
  <testcase classname="com.PageObjectModel.TestCases.VoyageTest" name="gotoVeselMaster" time="127.812"/>
</testsuite>