<?xml version="1.0" encoding="UTF-8"?>
<testng-results skipped="0" failed="0" ignored="0" total="1" passed="1">
  <reporter-output>
  </reporter-output>
  <suite name="Suite" duration-ms="45126" started-at="2019-01-20T15:52:09Z" finished-at="2019-01-20T15:52:54Z">
    <groups>
    </groups>
    <test name="Test" duration-ms="45126" started-at="2019-01-20T15:52:09Z" finished-at="2019-01-20T15:52:54Z">
      <class name="com.PageObjectModel.TestCases.OperationTest">
        <test-method status="PASS" signature="gotoOperational()[pri:0, instance:com.PageObjectModel.TestCases.OperationTest@6a1aab78]" name="gotoOperational" duration-ms="44596" started-at="2019-01-20T15:52:09Z" finished-at="2019-01-20T15:52:53Z">
          <reporter-output>
          </reporter-output>
        </test-method> <!-- gotoOperational -->
      </class> <!-- com.PageObjectModel.TestCases.OperationTest -->
    </test> <!-- Test -->
  </suite> <!-- Suite -->
</testng-results>
